first/app/build/intermediates/manifest_merge_blame_file/debug/manifest-merger-blame-debug-report.txt
1<?xml version="1.0" encoding="utf-8"?>
2<manifest xmlns:android="http://schemas.android.com/apk/res/android"
3    package="com.example.myfirstapp"
4    android:versionCode="1"
5    android:versionName="1.0" >
6
7    <uses-sdk
8        android:minSdkVersion="28"
8-->src\main\AndroidManifest.xml
9        android:targetSdkVersion="30" />
9-->src\main\AndroidManifest.xml
10
11    <application
11-->src\main\AndroidManifest.xml:5:5-35:19
12        android:allowBackup="true"
12-->src\main\AndroidManifest.xml:6:9-35
13        android:appComponentFactory="androidx.core.app.CoreComponentFactory"
13-->[androidx.core:core:1.3.2] AndroidManifest.xml:24:18-86
14        android:debuggable="true"
15        android:extractNativeLibs="false"
16        android:icon="@mipmap/ic_launcher"
16-->src\main\AndroidManifest.xml:7:9-43
17        android:label="@string/app_name"
17-->src\main\AndroidManifest.xml:8:9-41
18        android:roundIcon="@mipmap/ic_launcher_round"
18-->src\main\AndroidManifest.xml:9:9-54
19        android:supportsRtl="true"
19-->src\main\AndroidManifest.xml:10:9-35
20        android:testOnly="true"
21        android:theme="@style/Theme.MyFirstApp" >
21-->src\main\AndroidManifest.xml:11:9-48
22        <activity
22-->src\main\AndroidManifest.xml:13:9-22:20
23            android:name="com.example.myfirstapp.MainActivity"
23-->src\main\AndroidManifest.xml:14:13-41
24            android:label="@string/app_name"
24-->src\main\AndroidManifest.xml:15:13-45
25            android:theme="@style/AppTheme.NoActionBar" >
25-->src\main\AndroidManifest.xml:16:13-56
26            <intent-filter>
26-->src\main\AndroidManifest.xml:18:13-21:29
27                <action android:name="android.intent.action.MAIN" />
27-->src\main\AndroidManifest.xml:19:17-69
27-->src\main\AndroidManifest.xml:19:25-66
28
29                <category android:name="android.intent.category.LAUNCHER" />
29-->src\main\AndroidManifest.xml:20:17-77
29-->src\main\AndroidManifest.xml:20:27-74
30            </intent-filter>
31        </activity>
32        <activity
32-->src\main\AndroidManifest.xml:25:9-31:20
33            android:name="com.example.myfirstapp.HomeScreen"
33-->src\main\AndroidManifest.xml:25:19-45
34            android:parentActivityName="com.example.myfirstapp.MainActivity" >
34-->src\main\AndroidManifest.xml:26:13-55
35
36            <!-- The meta-data tag is required if you support API level 15 and lower -->
37            <meta-data
37-->src\main\AndroidManifest.xml:28:13-30:49
38                android:name="android.support.PARENT_ACTIVITY"
38-->src\main\AndroidManifest.xml:29:17-63
39                android:value=".MainActivity" />
39-->src\main\AndroidManifest.xml:30:17-46
40        </activity>
41    </application>
42
43</manifest>